<?xml version="1.0" encoding="UTF-8" ?>
<testsuite tests="8" failures="0" name="cn.yb07.test.MybatisTest" time="2.576" errors="2" skipped="0">
  <properties>
    <property name="java.runtime.name" value="Java(TM) SE Runtime Environment"/>
    <property name="sun.boot.library.path" value="C:\Program Files\Java\jdk1.8.0_162\jre\bin"/>
    <property name="java.vm.version" value="25.162-b12"/>
    <property name="java.vm.vendor" value="Oracle Corporation"/>
    <property name="maven.multiModuleProjectDirectory" value="D:\idea_mybatis\_07_mybatis_datasourceAndTx"/>
    <property name="java.vendor.url" value="http://java.oracle.com/"/>
    <property name="path.separator" value=";"/>
    <property name="guice.disable.misplaced.annotation.check" value="true"/>
    <property name="java.vm.name" value="Java HotSpot(TM) 64-Bit Server VM"/>
    <property name="file.encoding.pkg" value="sun.io"/>
    <property name="user.script" value=""/>
    <property name="user.country" value="CN"/>
    <property name="sun.java.launcher" value="SUN_STANDARD"/>
    <property name="sun.os.patch.level" value=""/>
    <property name="java.vm.specification.name" value="Java Virtual Machine Specification"/>
    <property name="user.dir" value="D:\idea_mybatis\_07_mybatis_datasourceAndTx"/>
    <property name="java.runtime.version" value="1.8.0_162-b12"/>
    <property name="java.awt.graphicsenv" value="sun.awt.Win32GraphicsEnvironment"/>
    <property name="java.endorsed.dirs" value="C:\Program Files\Java\jdk1.8.0_162\jre\lib\endorsed"/>
    <property name="os.arch" value="amd64"/>
    <property name="java.io.tmpdir" value="C:\Users\10598\AppData\Local\Temp\"/>
    <property name="line.separator" value="
"/>
    <property name="java.vm.specification.vendor" value="Oracle Corporation"/>
    <property name="user.variant" value=""/>
    <property name="os.name" value="Windows 10"/>
    <property name="archetypeCatalog" value="internal"/>
    <property name="classworlds.conf" value="E:\apache-maven-3.6.1\bin\m2.conf"/>
    <property name="sun.jnu.encoding" value="GBK"/>
    <property name="java.library.path" value="C:\Program Files\Java\jdk1.8.0_162\bin;C:\WINDOWS\Sun\Java\bin;C:\WINDOWS\system32;C:\WINDOWS;E:\Xftp 6\;E:\Xshell 6\Xshell 6\;E:\oracle\product\10.2.0\oracle_db1\bin;C:\Program Files (x86)\Common Files\Oracle\Java\javapath;C:\ProgramData\Oracle\Java\javapath;C:\WINDOWS\system32;C:\WINDOWS;C:\WINDOWS\System32\Wbem;C:\WINDOWS\System32\WindowsPowerShell\v1.0\;C:\WINDOWS\System32\OpenSSH\;C:\Program Files (x86)\NVIDIA Corporation\PhysX\Common;C:\Program Files\Java\jdk1.8.0_162\bin;C:\Program Files\Java\jdk1.8.0_162\jre\bin;C:\Users\10598\AppData\Local\Programs\Python\Python37;C:\MinGW\bin;C:\Program Files\NVIDIA Corporation\NVIDIA NvDLISR;E:\Mysql\bin;E:\apache-tomcat-8.5.38\bin;C:\WINDOWS\system32;C:\WINDOWS;C:\WINDOWS\System32\Wbem;C:\WINDOWS\System32\WindowsPowerShell\v1.0\;C:\WINDOWS\System32\OpenSSH\;E:\Git\cmd;E:\apache-maven-3.6.1\bin;E:\Android\gradle-5.4\bin;E:\Git\bin;E:\oracle\instantclient;C:\Users\10598\AppData\Local\Microsoft\WindowsApps;E:\WebStorm 2018.3.4\bin;E:\IntelliJ IDEA Community Edition\bin;E:\IntelliJ IDEA\IntelliJ IDEA 2019.1.1\bin;C:\Users\10598\AppData\Local\Microsoft\WindowsApps;;E:\DataGrip 2019\DataGrip 2019.1.3\bin;;."/>
    <property name="maven.conf" value="E:\apache-maven-3.6.1/conf"/>
    <property name="java.specification.name" value="Java Platform API Specification"/>
    <property name="java.class.version" value="52.0"/>
    <property name="sun.management.compiler" value="HotSpot 64-Bit Tiered Compilers"/>
    <property name="os.version" value="10.0"/>
    <property name="user.home" value="C:\Users\10598"/>
    <property name="user.timezone" value="Asia/Shanghai"/>
    <property name="java.awt.printerjob" value="sun.awt.windows.WPrinterJob"/>
    <property name="java.specification.version" value="1.8"/>
    <property name="file.encoding" value="UTF-8"/>
    <property name="user.name" value="10598"/>
    <property name="java.class.path" value="E:\apache-maven-3.6.1\boot\plexus-classworlds-2.6.0.jar"/>
    <property name="java.vm.specification.version" value="1.8"/>
    <property name="sun.arch.data.model" value="64"/>
    <property name="java.home" value="C:\Program Files\Java\jdk1.8.0_162\jre"/>
    <property name="sun.java.command" value="org.codehaus.classworlds.Launcher -Didea.version2019.1.3 -s E:\apache-maven-3.6.1\conf\settings.xml install"/>
    <property name="java.specification.vendor" value="Oracle Corporation"/>
    <property name="user.language" value="zh"/>
    <property name="awt.toolkit" value="sun.awt.windows.WToolkit"/>
    <property name="idea.version2019.1.3" value="true"/>
    <property name="java.vm.info" value="mixed mode"/>
    <property name="java.version" value="1.8.0_162"/>
    <property name="java.ext.dirs" value="C:\Program Files\Java\jdk1.8.0_162\jre\lib\ext;C:\WINDOWS\Sun\Java\lib\ext"/>
    <property name="sun.boot.class.path" value="C:\Program Files\Java\jdk1.8.0_162\jre\lib\resources.jar;C:\Program Files\Java\jdk1.8.0_162\jre\lib\rt.jar;C:\Program Files\Java\jdk1.8.0_162\jre\lib\sunrsasign.jar;C:\Program Files\Java\jdk1.8.0_162\jre\lib\jsse.jar;C:\Program Files\Java\jdk1.8.0_162\jre\lib\jce.jar;C:\Program Files\Java\jdk1.8.0_162\jre\lib\charsets.jar;C:\Program Files\Java\jdk1.8.0_162\jre\lib\jfr.jar;C:\Program Files\Java\jdk1.8.0_162\jre\classes"/>
    <property name="java.vendor" value="Oracle Corporation"/>
    <property name="maven.home" value="E:\apache-maven-3.6.1"/>
    <property name="file.separator" value="\"/>
    <property name="java.vendor.url.bug" value="http://bugreport.sun.com/bugreport/"/>
    <property name="sun.cpu.endian" value="little"/>
    <property name="sun.io.unicode.encoding" value="UnicodeLittle"/>
    <property name="sun.desktop" value="windows"/>
    <property name="sun.cpu.isalist" value="amd64"/>
  </properties>
  <testcase classname="cn.yb07.test.MybatisTest" name="testFindTotal" time="2.081"/>
  <testcase classname="cn.yb07.test.MybatisTest" name="testDelete" time="0.11"/>
  <testcase classname="cn.yb07.test.MybatisTest" name="testSave" time="0.075"/>
  <testcase classname="cn.yb07.test.MybatisTest" name="testUpdate" time="0.14">
    <error message="
### Error updating database.  Cause: org.apache.ibatis.reflection.ReflectionException: There is no getter for property named &apos;userAex&apos; in &apos;class cn.yb07.domain.User&apos;
### The error may involve cn.yb07.dao.IUserDao.updateUser-Inline
### The error occurred while setting parameters
### SQL: update user set username=?,address=?,sex=?,birthday=? where id=?
### Cause: org.apache.ibatis.reflection.ReflectionException: There is no getter for property named &apos;userAex&apos; in &apos;class cn.yb07.domain.User&apos;" type="org.apache.ibatis.exceptions.PersistenceException">org.apache.ibatis.exceptions.PersistenceException: 
### Error updating database.  Cause: org.apache.ibatis.reflection.ReflectionException: There is no getter for property named &apos;userAex&apos; in &apos;class cn.yb07.domain.User&apos;
### The error may involve cn.yb07.dao.IUserDao.updateUser-Inline
### The error occurred while setting parameters
### SQL: update user set username=?,address=?,sex=?,birthday=? where id=?
### Cause: org.apache.ibatis.reflection.ReflectionException: There is no getter for property named &apos;userAex&apos; in &apos;class cn.yb07.domain.User&apos;
	at org.apache.ibatis.exceptions.ExceptionFactory.wrapException(ExceptionFactory.java:30)
	at org.apache.ibatis.session.defaults.DefaultSqlSession.update(DefaultSqlSession.java:200)
	at org.apache.ibatis.binding.MapperMethod.execute(MapperMethod.java:62)
	at org.apache.ibatis.binding.MapperProxy.invoke(MapperProxy.java:59)
	at com.sun.proxy.$Proxy5.updateUser(Unknown Source)
	at cn.yb07.test.MybatisTest.testUpdate(MybatisTest.java:91)
	at sun.reflect.NativeMethodAccessorImpl.invoke0(Native Method)
	at sun.reflect.NativeMethodAccessorImpl.invoke(NativeMethodAccessorImpl.java:62)
	at sun.reflect.DelegatingMethodAccessorImpl.invoke(DelegatingMethodAccessorImpl.java:43)
	at java.lang.reflect.Method.invoke(Method.java:498)
	at org.junit.runners.model.FrameworkMethod$1.runReflectiveCall(FrameworkMethod.java:45)
	at org.junit.internal.runners.model.ReflectiveCallable.run(ReflectiveCallable.java:15)
	at org.junit.runners.model.FrameworkMethod.invokeExplosively(FrameworkMethod.java:42)
	at org.junit.internal.runners.statements.InvokeMethod.evaluate(InvokeMethod.java:20)
	at org.junit.internal.runners.statements.RunBefores.evaluate(RunBefores.java:28)
	at org.junit.internal.runners.statements.RunAfters.evaluate(RunAfters.java:30)
	at org.junit.runners.ParentRunner.runLeaf(ParentRunner.java:263)
	at org.junit.runners.BlockJUnit4ClassRunner.runChild(BlockJUnit4ClassRunner.java:68)
	at org.junit.runners.BlockJUnit4ClassRunner.runChild(BlockJUnit4ClassRunner.java:47)
	at org.junit.runners.ParentRunner$3.run(ParentRunner.java:231)
	at org.junit.runners.ParentRunner$1.schedule(ParentRunner.java:60)
	at org.junit.runners.ParentRunner.runChildren(ParentRunner.java:229)
	at org.junit.runners.ParentRunner.access$000(ParentRunner.java:50)
	at org.junit.runners.ParentRunner$2.evaluate(ParentRunner.java:222)
	at org.junit.runners.ParentRunner.run(ParentRunner.java:300)
	at org.apache.maven.surefire.junit4.JUnit4Provider.execute(JUnit4Provider.java:252)
	at org.apache.maven.surefire.junit4.JUnit4Provider.executeTestSet(JUnit4Provider.java:141)
	at org.apache.maven.surefire.junit4.JUnit4Provider.invoke(JUnit4Provider.java:112)
	at sun.reflect.NativeMethodAccessorImpl.invoke0(Native Method)
	at sun.reflect.NativeMethodAccessorImpl.invoke(NativeMethodAccessorImpl.java:62)
	at sun.reflect.DelegatingMethodAccessorImpl.invoke(DelegatingMethodAccessorImpl.java:43)
	at java.lang.reflect.Method.invoke(Method.java:498)
	at org.apache.maven.surefire.util.ReflectionUtils.invokeMethodWithArray(ReflectionUtils.java:189)
	at org.apache.maven.surefire.booter.ProviderFactory$ProviderProxy.invoke(ProviderFactory.java:165)
	at org.apache.maven.surefire.booter.ProviderFactory.invokeProvider(ProviderFactory.java:85)
	at org.apache.maven.surefire.booter.ForkedBooter.runSuitesInProcess(ForkedBooter.java:115)
	at org.apache.maven.surefire.booter.ForkedBooter.main(ForkedBooter.java:75)
Caused by: org.apache.ibatis.reflection.ReflectionException: There is no getter for property named &apos;userAex&apos; in &apos;class cn.yb07.domain.User&apos;
	at org.apache.ibatis.reflection.Reflector.getGetInvoker(Reflector.java:419)
	at org.apache.ibatis.reflection.MetaClass.getGetInvoker(MetaClass.java:164)
	at org.apache.ibatis.reflection.wrapper.BeanWrapper.getBeanProperty(BeanWrapper.java:162)
	at org.apache.ibatis.reflection.wrapper.BeanWrapper.get(BeanWrapper.java:49)
	at org.apache.ibatis.reflection.MetaObject.getValue(MetaObject.java:122)
	at org.apache.ibatis.scripting.defaults.DefaultParameterHandler.setParameters(DefaultParameterHandler.java:79)
	at org.apache.ibatis.executor.statement.PreparedStatementHandler.parameterize(PreparedStatementHandler.java:93)
	at org.apache.ibatis.executor.statement.RoutingStatementHandler.parameterize(RoutingStatementHandler.java:64)
	at org.apache.ibatis.executor.SimpleExecutor.prepareStatement(SimpleExecutor.java:86)
	at org.apache.ibatis.executor.SimpleExecutor.doUpdate(SimpleExecutor.java:49)
	at org.apache.ibatis.executor.BaseExecutor.update(BaseExecutor.java:117)
	at org.apache.ibatis.executor.CachingExecutor.update(CachingExecutor.java:76)
	at org.apache.ibatis.session.defaults.DefaultSqlSession.update(DefaultSqlSession.java:198)
	... 35 more
</error>
    <system-out>2019-07-15 13:28:38,310 2050   [      Finalizer] DEBUG source.pooled.PooledDataSource  - PooledDataSource forcefully closed/removed all connections.
2019-07-15 13:28:38,311 2051   [      Finalizer] DEBUG source.pooled.PooledDataSource  - PooledDataSource forcefully closed/removed all connections.
2019-07-15 13:28:38,311 2051   [      Finalizer] DEBUG source.pooled.PooledDataSource  - PooledDataSource forcefully closed/removed all connections.
2019-07-15 13:28:38,313 2053   [           main] DEBUG rg.apache.ibatis.io.DefaultVFS  - Find JAR URL: file:/D:/idea_mybatis/_07_mybatis_datasourceAndTx/target/classes/cn/yb07/domain
2019-07-15 13:28:38,313 2053   [           main] DEBUG rg.apache.ibatis.io.DefaultVFS  - Not a JAR: file:/D:/idea_mybatis/_07_mybatis_datasourceAndTx/target/classes/cn/yb07/domain
2019-07-15 13:28:38,314 2054   [           main] DEBUG rg.apache.ibatis.io.DefaultVFS  - Reader entry: QueryVo.class
2019-07-15 13:28:38,314 2054   [           main] DEBUG rg.apache.ibatis.io.DefaultVFS  - Reader entry: User.class
2019-07-15 13:28:38,314 2054   [           main] DEBUG rg.apache.ibatis.io.DefaultVFS  - Listing file:/D:/idea_mybatis/_07_mybatis_datasourceAndTx/target/classes/cn/yb07/domain
2019-07-15 13:28:38,314 2054   [           main] DEBUG rg.apache.ibatis.io.DefaultVFS  - Find JAR URL: file:/D:/idea_mybatis/_07_mybatis_datasourceAndTx/target/classes/cn/yb07/domain/QueryVo.class
2019-07-15 13:28:38,315 2055   [           main] DEBUG rg.apache.ibatis.io.DefaultVFS  - Not a JAR: file:/D:/idea_mybatis/_07_mybatis_datasourceAndTx/target/classes/cn/yb07/domain/QueryVo.class
2019-07-15 13:28:38,315 2055   [           main] DEBUG rg.apache.ibatis.io.DefaultVFS  - Reader entry: ����&amp;#0;&amp;#0;&amp;#0;1&amp;#0;&amp;#24;
2019-07-15 13:28:38,316 2056   [           main] DEBUG rg.apache.ibatis.io.DefaultVFS  - Find JAR URL: file:/D:/idea_mybatis/_07_mybatis_datasourceAndTx/target/classes/cn/yb07/domain/User.class
2019-07-15 13:28:38,316 2056   [           main] DEBUG rg.apache.ibatis.io.DefaultVFS  - Not a JAR: file:/D:/idea_mybatis/_07_mybatis_datasourceAndTx/target/classes/cn/yb07/domain/User.class
2019-07-15 13:28:38,317 2057   [           main] DEBUG rg.apache.ibatis.io.DefaultVFS  - Reader entry: ����&amp;#0;&amp;#0;&amp;#0;1&amp;#0;N
2019-07-15 13:28:38,317 2057   [           main] DEBUG .apache.ibatis.io.ResolverUtil  - Checking to see if class cn.yb07.domain.QueryVo matches criteria [is assignable to Object]
2019-07-15 13:28:38,317 2057   [           main] DEBUG .apache.ibatis.io.ResolverUtil  - Checking to see if class cn.yb07.domain.User matches criteria [is assignable to Object]
2019-07-15 13:28:38,320 2060   [           main] DEBUG source.pooled.PooledDataSource  - PooledDataSource forcefully closed/removed all connections.
2019-07-15 13:28:38,320 2060   [           main] DEBUG source.pooled.PooledDataSource  - PooledDataSource forcefully closed/removed all connections.
2019-07-15 13:28:38,320 2060   [           main] DEBUG source.pooled.PooledDataSource  - PooledDataSource forcefully closed/removed all connections.
2019-07-15 13:28:38,320 2060   [           main] DEBUG source.pooled.PooledDataSource  - PooledDataSource forcefully closed/removed all connections.
2019-07-15 13:28:38,321 2061   [           main] DEBUG rg.apache.ibatis.io.DefaultVFS  - Find JAR URL: file:/D:/idea_mybatis/_07_mybatis_datasourceAndTx/target/classes/cn/yb07/dao
2019-07-15 13:28:38,322 2062   [           main] DEBUG rg.apache.ibatis.io.DefaultVFS  - Not a JAR: file:/D:/idea_mybatis/_07_mybatis_datasourceAndTx/target/classes/cn/yb07/dao
2019-07-15 13:28:38,322 2062   [           main] DEBUG rg.apache.ibatis.io.DefaultVFS  - Reader entry: IUserDao.class
2019-07-15 13:28:38,323 2063   [           main] DEBUG rg.apache.ibatis.io.DefaultVFS  - Reader entry: IUserDao.xml
2019-07-15 13:28:38,323 2063   [           main] DEBUG rg.apache.ibatis.io.DefaultVFS  - Listing file:/D:/idea_mybatis/_07_mybatis_datasourceAndTx/target/classes/cn/yb07/dao
2019-07-15 13:28:38,323 2063   [           main] DEBUG rg.apache.ibatis.io.DefaultVFS  - Find JAR URL: file:/D:/idea_mybatis/_07_mybatis_datasourceAndTx/target/classes/cn/yb07/dao/IUserDao.class
2019-07-15 13:28:38,323 2063   [           main] DEBUG rg.apache.ibatis.io.DefaultVFS  - Not a JAR: file:/D:/idea_mybatis/_07_mybatis_datasourceAndTx/target/classes/cn/yb07/dao/IUserDao.class
2019-07-15 13:28:38,324 2064   [           main] DEBUG rg.apache.ibatis.io.DefaultVFS  - Reader entry: ����&amp;#0;&amp;#0;&amp;#0;1&amp;#0;&amp;#26;&amp;#7;&amp;#0;&amp;#24;&amp;#7;&amp;#0;&amp;#25;&amp;#1;&amp;#0;&amp;#7;findAll&amp;#1;&amp;#0;&amp;#18;()Ljava/util/List;&amp;#1;&amp;#0;	Signature&amp;#1;&amp;#0;)()Ljava/util/List&lt;Lcn/yb07/domain/User;&gt;;&amp;#1;&amp;#0;&amp;#8;saveUser&amp;#1;&amp;#0;&amp;#24;(Lcn/yb07/domain/User;)V&amp;#1;&amp;#0;
2019-07-15 13:28:38,324 2064   [           main] DEBUG rg.apache.ibatis.io.DefaultVFS  - Find JAR URL: file:/D:/idea_mybatis/_07_mybatis_datasourceAndTx/target/classes/cn/yb07/dao/IUserDao.xml
2019-07-15 13:28:38,324 2064   [           main] DEBUG rg.apache.ibatis.io.DefaultVFS  - Not a JAR: file:/D:/idea_mybatis/_07_mybatis_datasourceAndTx/target/classes/cn/yb07/dao/IUserDao.xml
2019-07-15 13:28:38,325 2065   [           main] DEBUG rg.apache.ibatis.io.DefaultVFS  - Reader entry: &lt;?xml version=&quot;1.0&quot; encoding=&quot;UTF-8&quot;?&gt;
2019-07-15 13:28:38,326 2066   [           main] DEBUG .apache.ibatis.io.ResolverUtil  - Checking to see if class cn.yb07.dao.IUserDao matches criteria [is assignable to Object]
2019-07-15 13:28:38,341 2081   [           main] DEBUG ansaction.jdbc.JdbcTransaction  - Opening JDBC Connection
2019-07-15 13:28:38,377 2117   [           main] DEBUG source.pooled.PooledDataSource  - Created connection 736778932.
2019-07-15 13:28:38,377 2117   [           main] DEBUG n.yb07.dao.IUserDao.updateUser  - ==&gt;  Preparing: update user set username=?,address=?,sex=?,birthday=? where id=? 
2019-07-15 13:28:38,378 2118   [           main] DEBUG ansaction.jdbc.JdbcTransaction  - Closing JDBC Connection [com.mysql.jdbc.JDBC4Connection@2bea5ab4]
2019-07-15 13:28:38,379 2119   [           main] DEBUG source.pooled.PooledDataSource  - Returned connection 736778932 to pool.
</system-out>
    <system-err>Mon Jul 15 13:28:38 CST 2019 WARN: Establishing SSL connection without server&apos;s identity verification is not recommended. According to MySQL 5.5.45+, 5.6.26+ and 5.7.6+ requirements SSL connection must be established by default if explicit option isn&apos;t set. For compliance with existing applications not using SSL the verifyServerCertificate property is set to &apos;false&apos;. You need either to explicitly disable SSL by setting useSSL=false, or set useSSL=true and provide truststore for server certificate verification.
</system-err>
  </testcase>
  <testcase classname="cn.yb07.test.MybatisTest" name="testFindOne" time="0.025"/>
  <testcase classname="cn.yb07.test.MybatisTest" name="testFindByName" time="0.068"/>
  <testcase classname="cn.yb07.test.MybatisTest" name="testFindAll" time="0.075"/>
  <testcase classname="cn.yb07.test.MybatisTest" name="testFindByVo" time="0.002">
    <error message="
### Error querying database.  Cause: org.apache.ibatis.reflection.ReflectionException: There is no getter for property named &apos;username&apos; in &apos;class cn.yb07.domain.User&apos;
### Cause: org.apache.ibatis.reflection.ReflectionException: There is no getter for property named &apos;username&apos; in &apos;class cn.yb07.domain.User&apos;" type="org.apache.ibatis.exceptions.PersistenceException">org.apache.ibatis.exceptions.PersistenceException: 
### Error querying database.  Cause: org.apache.ibatis.reflection.ReflectionException: There is no getter for property named &apos;username&apos; in &apos;class cn.yb07.domain.User&apos;
### Cause: org.apache.ibatis.reflection.ReflectionException: There is no getter for property named &apos;username&apos; in &apos;class cn.yb07.domain.User&apos;
	at org.apache.ibatis.exceptions.ExceptionFactory.wrapException(ExceptionFactory.java:30)
	at org.apache.ibatis.session.defaults.DefaultSqlSession.selectList(DefaultSqlSession.java:150)
	at org.apache.ibatis.session.defaults.DefaultSqlSession.selectList(DefaultSqlSession.java:141)
	at org.apache.ibatis.binding.MapperMethod.executeForMany(MapperMethod.java:137)
	at org.apache.ibatis.binding.MapperMethod.execute(MapperMethod.java:75)
	at org.apache.ibatis.binding.MapperProxy.invoke(MapperProxy.java:59)
	at com.sun.proxy.$Proxy5.findUserByVo(Unknown Source)
	at cn.yb07.test.MybatisTest.testFindByVo(MybatisTest.java:147)
	at sun.reflect.NativeMethodAccessorImpl.invoke0(Native Method)
	at sun.reflect.NativeMethodAccessorImpl.invoke(NativeMethodAccessorImpl.java:62)
	at sun.reflect.DelegatingMethodAccessorImpl.invoke(DelegatingMethodAccessorImpl.java:43)
	at java.lang.reflect.Method.invoke(Method.java:498)
	at org.junit.runners.model.FrameworkMethod$1.runReflectiveCall(FrameworkMethod.java:45)
	at org.junit.internal.runners.model.ReflectiveCallable.run(ReflectiveCallable.java:15)
	at org.junit.runners.model.FrameworkMethod.invokeExplosively(FrameworkMethod.java:42)
	at org.junit.internal.runners.statements.InvokeMethod.evaluate(InvokeMethod.java:20)
	at org.junit.internal.runners.statements.RunBefores.evaluate(RunBefores.java:28)
	at org.junit.internal.runners.statements.RunAfters.evaluate(RunAfters.java:30)
	at org.junit.runners.ParentRunner.runLeaf(ParentRunner.java:263)
	at org.junit.runners.BlockJUnit4ClassRunner.runChild(BlockJUnit4ClassRunner.java:68)
	at org.junit.runners.BlockJUnit4ClassRunner.runChild(BlockJUnit4ClassRunner.java:47)
	at org.junit.runners.ParentRunner$3.run(ParentRunner.java:231)
	at org.junit.runners.ParentRunner$1.schedule(ParentRunner.java:60)
	at org.junit.runners.ParentRunner.runChildren(ParentRunner.java:229)
	at org.junit.runners.ParentRunner.access$000(ParentRunner.java:50)
	at org.junit.runners.ParentRunner$2.evaluate(ParentRunner.java:222)
	at org.junit.runners.ParentRunner.run(ParentRunner.java:300)
	at org.apache.maven.surefire.junit4.JUnit4Provider.execute(JUnit4Provider.java:252)
	at org.apache.maven.surefire.junit4.JUnit4Provider.executeTestSet(JUnit4Provider.java:141)
	at org.apache.maven.surefire.junit4.JUnit4Provider.invoke(JUnit4Provider.java:112)
	at sun.reflect.NativeMethodAccessorImpl.invoke0(Native Method)
	at sun.reflect.NativeMethodAccessorImpl.invoke(NativeMethodAccessorImpl.java:62)
	at sun.reflect.DelegatingMethodAccessorImpl.invoke(DelegatingMethodAccessorImpl.java:43)
	at java.lang.reflect.Method.invoke(Method.java:498)
	at org.apache.maven.surefire.util.ReflectionUtils.invokeMethodWithArray(ReflectionUtils.java:189)
	at org.apache.maven.surefire.booter.ProviderFactory$ProviderProxy.invoke(ProviderFactory.java:165)
	at org.apache.maven.surefire.booter.ProviderFactory.invokeProvider(ProviderFactory.java:85)
	at org.apache.maven.surefire.booter.ForkedBooter.runSuitesInProcess(ForkedBooter.java:115)
	at org.apache.maven.surefire.booter.ForkedBooter.main(ForkedBooter.java:75)
Caused by: org.apache.ibatis.reflection.ReflectionException: There is no getter for property named &apos;username&apos; in &apos;class cn.yb07.domain.User&apos;
	at org.apache.ibatis.reflection.Reflector.getGetInvoker(Reflector.java:419)
	at org.apache.ibatis.reflection.MetaClass.getGetInvoker(MetaClass.java:164)
	at org.apache.ibatis.reflection.wrapper.BeanWrapper.getBeanProperty(BeanWrapper.java:162)
	at org.apache.ibatis.reflection.wrapper.BeanWrapper.get(BeanWrapper.java:49)
	at org.apache.ibatis.reflection.MetaObject.getValue(MetaObject.java:122)
	at org.apache.ibatis.reflection.MetaObject.getValue(MetaObject.java:119)
	at org.apache.ibatis.executor.BaseExecutor.createCacheKey(BaseExecutor.java:219)
	at org.apache.ibatis.executor.CachingExecutor.createCacheKey(CachingExecutor.java:146)
	at org.apache.ibatis.executor.CachingExecutor.query(CachingExecutor.java:82)
	at org.apache.ibatis.session.defaults.DefaultSqlSession.selectList(DefaultSqlSession.java:148)
	... 37 more
</error>
    <system-out>2019-07-15 13:28:38,565 2305   [           main] DEBUG rg.apache.ibatis.io.DefaultVFS  - Find JAR URL: file:/D:/idea_mybatis/_07_mybatis_datasourceAndTx/target/classes/cn/yb07/domain
2019-07-15 13:28:38,565 2305   [           main] DEBUG rg.apache.ibatis.io.DefaultVFS  - Not a JAR: file:/D:/idea_mybatis/_07_mybatis_datasourceAndTx/target/classes/cn/yb07/domain
2019-07-15 13:28:38,566 2306   [           main] DEBUG rg.apache.ibatis.io.DefaultVFS  - Reader entry: QueryVo.class
2019-07-15 13:28:38,566 2306   [           main] DEBUG rg.apache.ibatis.io.DefaultVFS  - Reader entry: User.class
2019-07-15 13:28:38,566 2306   [           main] DEBUG rg.apache.ibatis.io.DefaultVFS  - Listing file:/D:/idea_mybatis/_07_mybatis_datasourceAndTx/target/classes/cn/yb07/domain
2019-07-15 13:28:38,566 2306   [           main] DEBUG rg.apache.ibatis.io.DefaultVFS  - Find JAR URL: file:/D:/idea_mybatis/_07_mybatis_datasourceAndTx/target/classes/cn/yb07/domain/QueryVo.class
2019-07-15 13:28:38,566 2306   [           main] DEBUG rg.apache.ibatis.io.DefaultVFS  - Not a JAR: file:/D:/idea_mybatis/_07_mybatis_datasourceAndTx/target/classes/cn/yb07/domain/QueryVo.class
2019-07-15 13:28:38,567 2307   [           main] DEBUG rg.apache.ibatis.io.DefaultVFS  - Reader entry: ����&amp;#0;&amp;#0;&amp;#0;1&amp;#0;&amp;#24;
2019-07-15 13:28:38,567 2307   [           main] DEBUG rg.apache.ibatis.io.DefaultVFS  - Find JAR URL: file:/D:/idea_mybatis/_07_mybatis_datasourceAndTx/target/classes/cn/yb07/domain/User.class
2019-07-15 13:28:38,567 2307   [           main] DEBUG rg.apache.ibatis.io.DefaultVFS  - Not a JAR: file:/D:/idea_mybatis/_07_mybatis_datasourceAndTx/target/classes/cn/yb07/domain/User.class
2019-07-15 13:28:38,567 2307   [           main] DEBUG rg.apache.ibatis.io.DefaultVFS  - Reader entry: ����&amp;#0;&amp;#0;&amp;#0;1&amp;#0;N
2019-07-15 13:28:38,567 2307   [           main] DEBUG .apache.ibatis.io.ResolverUtil  - Checking to see if class cn.yb07.domain.QueryVo matches criteria [is assignable to Object]
2019-07-15 13:28:38,568 2308   [           main] DEBUG .apache.ibatis.io.ResolverUtil  - Checking to see if class cn.yb07.domain.User matches criteria [is assignable to Object]
2019-07-15 13:28:38,569 2309   [           main] DEBUG source.pooled.PooledDataSource  - PooledDataSource forcefully closed/removed all connections.
2019-07-15 13:28:38,570 2310   [           main] DEBUG source.pooled.PooledDataSource  - PooledDataSource forcefully closed/removed all connections.
2019-07-15 13:28:38,570 2310   [           main] DEBUG source.pooled.PooledDataSource  - PooledDataSource forcefully closed/removed all connections.
2019-07-15 13:28:38,570 2310   [           main] DEBUG source.pooled.PooledDataSource  - PooledDataSource forcefully closed/removed all connections.
2019-07-15 13:28:38,572 2312   [           main] DEBUG rg.apache.ibatis.io.DefaultVFS  - Find JAR URL: file:/D:/idea_mybatis/_07_mybatis_datasourceAndTx/target/classes/cn/yb07/dao
2019-07-15 13:28:38,572 2312   [           main] DEBUG rg.apache.ibatis.io.DefaultVFS  - Not a JAR: file:/D:/idea_mybatis/_07_mybatis_datasourceAndTx/target/classes/cn/yb07/dao
2019-07-15 13:28:38,573 2313   [           main] DEBUG rg.apache.ibatis.io.DefaultVFS  - Reader entry: IUserDao.class
2019-07-15 13:28:38,573 2313   [           main] DEBUG rg.apache.ibatis.io.DefaultVFS  - Reader entry: IUserDao.xml
2019-07-15 13:28:38,573 2313   [           main] DEBUG rg.apache.ibatis.io.DefaultVFS  - Listing file:/D:/idea_mybatis/_07_mybatis_datasourceAndTx/target/classes/cn/yb07/dao
2019-07-15 13:28:38,573 2313   [           main] DEBUG rg.apache.ibatis.io.DefaultVFS  - Find JAR URL: file:/D:/idea_mybatis/_07_mybatis_datasourceAndTx/target/classes/cn/yb07/dao/IUserDao.class
2019-07-15 13:28:38,574 2314   [           main] DEBUG rg.apache.ibatis.io.DefaultVFS  - Not a JAR: file:/D:/idea_mybatis/_07_mybatis_datasourceAndTx/target/classes/cn/yb07/dao/IUserDao.class
2019-07-15 13:28:38,574 2314   [           main] DEBUG rg.apache.ibatis.io.DefaultVFS  - Reader entry: ����&amp;#0;&amp;#0;&amp;#0;1&amp;#0;&amp;#26;&amp;#7;&amp;#0;&amp;#24;&amp;#7;&amp;#0;&amp;#25;&amp;#1;&amp;#0;&amp;#7;findAll&amp;#1;&amp;#0;&amp;#18;()Ljava/util/List;&amp;#1;&amp;#0;	Signature&amp;#1;&amp;#0;)()Ljava/util/List&lt;Lcn/yb07/domain/User;&gt;;&amp;#1;&amp;#0;&amp;#8;saveUser&amp;#1;&amp;#0;&amp;#24;(Lcn/yb07/domain/User;)V&amp;#1;&amp;#0;
2019-07-15 13:28:38,574 2314   [           main] DEBUG rg.apache.ibatis.io.DefaultVFS  - Find JAR URL: file:/D:/idea_mybatis/_07_mybatis_datasourceAndTx/target/classes/cn/yb07/dao/IUserDao.xml
2019-07-15 13:28:38,574 2314   [           main] DEBUG rg.apache.ibatis.io.DefaultVFS  - Not a JAR: file:/D:/idea_mybatis/_07_mybatis_datasourceAndTx/target/classes/cn/yb07/dao/IUserDao.xml
2019-07-15 13:28:38,575 2315   [           main] DEBUG rg.apache.ibatis.io.DefaultVFS  - Reader entry: &lt;?xml version=&quot;1.0&quot; encoding=&quot;UTF-8&quot;?&gt;
2019-07-15 13:28:38,575 2315   [           main] DEBUG .apache.ibatis.io.ResolverUtil  - Checking to see if class cn.yb07.dao.IUserDao matches criteria [is assignable to Object]
</system-out>
  </testcase>
</testsuite>